{"name": "test_shuzi", "status": "failed", "statusDetails": {"message": "AssertionError: assert '张冰辉' in '<html class=\" \" lang=\"en\"><head><meta charset=\"utf-8\"><meta http-equiv=\"X-UA-Compatible\" content=\"IE=edge\"><meta name...t src=\"/assets/js/chunk-vendors.975ab8e3.js\"></script><script src=\"/assets/js/app.61caffed.js\"></script></body></html>'\n +  where '<html class=\" \" lang=\"en\"><head><meta charset=\"utf-8\"><meta http-equiv=\"X-UA-Compatible\" content=\"IE=edge\"><meta name...t src=\"/assets/js/chunk-vendors.975ab8e3.js\"></script><script src=\"/assets/js/app.61caffed.js\"></script></body></html>' = <selenium.webdriver.firefox.webdriver.WebDriver (session=\"437be114-f4e5-43b3-be43-1b43427b7fbb\")>.page_source", "trace": "def test_shuzi():\n        driver=webdriver.Firefox()\n        driver.get(url=url)\n        sleep(3)\n        driver.maximize_window()\n        sleep(1)\n        account=driver.find_element_by_xpath(\"//input[@placeholder='登录账号']\")\n        account.click()\n        account.clear()\n        account.send_keys(\"zhangbinghui\")\n        sleep(2)\n        passwd=driver.find_element_by_xpath(\"//input[@placeholder='密码']\")\n        passwd.click()\n        passwd.clear()\n        passwd.send_keys(\"11111111111\")\n        sleep(2)\n        driver.find_element_by_xpath(\"//button[@class='el-button login-button el-button--default el-button--small']\").click()\n>       assert '张冰辉' in driver.page_source\nE       assert '张冰辉' in '<html class=\" \" lang=\"en\"><head><meta charset=\"utf-8\"><meta http-equiv=\"X-UA-Compatible\" content=\"IE=edge\"><meta name...t src=\"/assets/js/chunk-vendors.975ab8e3.js\"></script><script src=\"/assets/js/app.61caffed.js\"></script></body></html>'\nE        +  where '<html class=\" \" lang=\"en\"><head><meta charset=\"utf-8\"><meta http-equiv=\"X-UA-Compatible\" content=\"IE=edge\"><meta name...t src=\"/assets/js/chunk-vendors.975ab8e3.js\"></script><script src=\"/assets/js/app.61caffed.js\"></script></body></html>' = <selenium.webdriver.firefox.webdriver.WebDriver (session=\"437be114-f4e5-43b3-be43-1b43427b7fbb\")>.page_source\n\nPycharmProjects\\anaconda\\Pytest\\child\\test_html.py:33: AssertionError"}, "start": 1642672046160, "stop": 1642672069978, "uuid": "54120fca-d145-4d73-82c6-5383811c8b6c", "historyId": "185d7756bd41bbf3e043a5f12c681dec", "testCaseId": "ab7a40e3bd7e7a852bd08408b88d35db", "fullName": "PycharmProjects.anaconda.Pytest.child.test_html#test_shuzi", "labels": [{"name": "parentSuite", "value": "PycharmProjects.anaconda.Pytest.child"}, {"name": "suite", "value": "test_html"}, {"name": "host", "value": "DESKTOP-V45JC51"}, {"name": "thread", "value": "45584-MainThread"}, {"name": "framework", "value": "pytest"}, {"name": "language", "value": "cpython3"}, {"name": "package", "value": "PycharmProjects.anaconda.Pytest.child.test_html"}]}