{"name": "test_shuzi", "status": "failed", "statusDetails": {"message": "AssertionError: assert '张冰辉' in '<html class=\" \" lang=\"en\"><head><meta charset=\"utf-8\"><meta http-equiv=\"X-UA-Compatible\" content=\"IE=edge\"><meta name...t src=\"/assets/js/chunk-vendors.975ab8e3.js\"></script><script src=\"/assets/js/app.61caffed.js\"></script></body></html>'\n +  where '<html class=\" \" lang=\"en\"><head><meta charset=\"utf-8\"><meta http-equiv=\"X-UA-Compatible\" content=\"IE=edge\"><meta name...t src=\"/assets/js/chunk-vendors.975ab8e3.js\"></script><script src=\"/assets/js/app.61caffed.js\"></script></body></html>' = <selenium.webdriver.firefox.webdriver.WebDriver (session=\"0c6ea3f7-8c24-4633-8be5-ebfd21f58a21\")>.page_source", "trace": "def test_shuzi():\n        driver=webdriver.Firefox()\n        driver.get(url=url)\n        sleep(3)\n        driver.maximize_window()\n        sleep(1)\n        account=driver.find_element_by_xpath(\"//input[@placeholder='登录账号']\")\n        account.click()\n        account.clear()\n        account.send_keys(\"zhangbinghui\")\n        sleep(2)\n        passwd=driver.find_element_by_xpath(\"//input[@placeholder='密码']\")\n        passwd.click()\n        passwd.clear()\n        passwd.send_keys(\"11111111111\")\n        sleep(2)\n        driver.find_element_by_xpath(\"//button[@class='el-button login-button el-button--default el-button--small']\").click()\n>       assert '张冰辉' in driver.page_source\nE       assert '张冰辉' in '<html class=\" \" lang=\"en\"><head><meta charset=\"utf-8\"><meta http-equiv=\"X-UA-Compatible\" content=\"IE=edge\"><meta name...t src=\"/assets/js/chunk-vendors.975ab8e3.js\"></script><script src=\"/assets/js/app.61caffed.js\"></script></body></html>'\nE        +  where '<html class=\" \" lang=\"en\"><head><meta charset=\"utf-8\"><meta http-equiv=\"X-UA-Compatible\" content=\"IE=edge\"><meta name...t src=\"/assets/js/chunk-vendors.975ab8e3.js\"></script><script src=\"/assets/js/app.61caffed.js\"></script></body></html>' = <selenium.webdriver.firefox.webdriver.WebDriver (session=\"0c6ea3f7-8c24-4633-8be5-ebfd21f58a21\")>.page_source\n\nchild\\test_html.py:33: AssertionError"}, "start": 1642671277452, "stop": 1642671300680, "uuid": "e3ab9ff0-22ef-4e14-b865-429bf768cf15", "historyId": "2b5f9eb03ba66340251d327ff632f4d8", "testCaseId": "180358026d021915887e26c71588d947", "fullName": "child.test_html#test_shuzi", "labels": [{"name": "parentSuite", "value": "child"}, {"name": "suite", "value": "test_html"}, {"name": "host", "value": "DESKTOP-V45JC51"}, {"name": "thread", "value": "30456-MainThread"}, {"name": "framework", "value": "pytest"}, {"name": "language", "value": "cpython3"}, {"name": "package", "value": "child.test_html"}]}